<?xml version="1.0" encoding="UTF-8"?>
<testsuites>
  <testsuite name="CodeIgniter Application Test Suite" tests="3" assertions="3" failures="0" errors="0" time="0.487763">
    <testsuite name="Welcome_test" file="/home/chrigarc/Documentos/imss/SIPIMSS/git/sipimss_13/application/tests/controllers/Welcome_test.php" tests="3" assertions="3" failures="0" errors="0" time="0.487763">
      <testcase name="test_index" class="Welcome_test" file="/home/chrigarc/Documentos/imss/SIPIMSS/git/sipimss_13/application/tests/controllers/Welcome_test.php" line="13" assertions="1" time="0.398929">
        <system-out>
A PHP Error was encountered

Severity:    Notice
Message:     Undefined index: SERVER_PORT
Filename:    /home/chrigarc/Documentos/imss/SIPIMSS/git/sipimss_13/application/config/config.php
Line Number: 11

Backtrace:
	File: /home/chrigarc/Documentos/imss/SIPIMSS/git/sipimss_13/application/config/config.php
	Line: 11
	Function: _error_handler

	File: /home/chrigarc/Documentos/imss/SIPIMSS/git/sipimss_13/application/tests/_ci_phpunit_test/replacing/core/Common.php
	Line: 323
	Function: require

	File: /home/chrigarc/Documentos/imss/SIPIMSS/git/sipimss_13/application/tests/_ci_phpunit_test/replacing/core/Common.php
	Line: 111
	Function: __construct

	File: /home/chrigarc/Documentos/imss/SIPIMSS/git/sipimss_13/application/tests/_ci_phpunit_test/replacing/core/Common.php
	Line: 111
	Function: __construct

	File: /home/chrigarc/Documentos/imss/SIPIMSS/git/sipimss_13/application/tests/_ci_phpunit_test/functions.php
	Line: 57
	Function: load_class

	File: /home/chrigarc/Documentos/imss/SIPIMSS/git/sipimss_13/application/tests/_ci_phpunit_test/CIPHPUnitTestRequest.php
	Line: 262
	Function: reset_instance

	File: /home/chrigarc/Documentos/imss/SIPIMSS/git/sipimss_13/application/tests/_ci_phpunit_test/CIPHPUnitTestRequest.php
	Line: 151
	Function: requestUri

	File: /home/chrigarc/Documentos/imss/SIPIMSS/git/sipimss_13/application/tests/_ci_phpunit_test/CIPHPUnitTestCase.php
	Line: 183
	Function: request

	File: /home/chrigarc/Documentos/imss/SIPIMSS/git/sipimss_13/application/tests/controllers/Welcome_test.php
	Line: 15
	Function: request

	File: /usr/share/php/PHPUnit/Framework/TestCase.php
	Line: 963
	Function: invokeArgs

	File: /usr/share/php/PHPUnit/Framework/TestCase.php
	Line: 835
	Function: runTest

	File: /usr/share/php/PHPUnit/Framework/TestResult.php
	Line: 643
	Function: runBare

	File: /usr/share/php/PHPUnit/Framework/TestCase.php
	Line: 771
	Function: run

	File: /usr/share/php/PHPUnit/Framework/TestSuite.php
	Line: 703
	Function: run

	File: /usr/share/php/PHPUnit/Framework/TestSuite.php
	Line: 703
	Function: run

	File: /usr/share/php/PHPUnit/TextUI/TestRunner.php
	Line: 423
	Function: run

	File: /usr/share/php/PHPUnit/TextUI/Command.php
	Line: 186
	Function: doRun

	File: /usr/share/php/PHPUnit/TextUI/Command.php
	Line: 138
	Function: run

	File: /usr/bin/phpunit
	Line: 42
	Function: main



A PHP Error was encountered

Severity:    Notice
Message:     Undefined index: SERVER_NAME
Filename:    /home/chrigarc/Documentos/imss/SIPIMSS/git/sipimss_13/application/config/config.php
Line Number: 11

Backtrace:
	File: /home/chrigarc/Documentos/imss/SIPIMSS/git/sipimss_13/application/config/config.php
	Line: 11
	Function: _error_handler

	File: /home/chrigarc/Documentos/imss/SIPIMSS/git/sipimss_13/application/tests/_ci_phpunit_test/replacing/core/Common.php
	Line: 323
	Function: require

	File: /home/chrigarc/Documentos/imss/SIPIMSS/git/sipimss_13/application/tests/_ci_phpunit_test/replacing/core/Common.php
	Line: 111
	Function: __construct

	File: /home/chrigarc/Documentos/imss/SIPIMSS/git/sipimss_13/application/tests/_ci_phpunit_test/replacing/core/Common.php
	Line: 111
	Function: __construct

	File: /home/chrigarc/Documentos/imss/SIPIMSS/git/sipimss_13/application/tests/_ci_phpunit_test/functions.php
	Line: 57
	Function: load_class

	File: /home/chrigarc/Documentos/imss/SIPIMSS/git/sipimss_13/application/tests/_ci_phpunit_test/CIPHPUnitTestRequest.php
	Line: 262
	Function: reset_instance

	File: /home/chrigarc/Documentos/imss/SIPIMSS/git/sipimss_13/application/tests/_ci_phpunit_test/CIPHPUnitTestRequest.php
	Line: 151
	Function: requestUri

	File: /home/chrigarc/Documentos/imss/SIPIMSS/git/sipimss_13/application/tests/_ci_phpunit_test/CIPHPUnitTestCase.php
	Line: 183
	Function: request

	File: /home/chrigarc/Documentos/imss/SIPIMSS/git/sipimss_13/application/tests/controllers/Welcome_test.php
	Line: 15
	Function: request

	File: /usr/share/php/PHPUnit/Framework/TestCase.php
	Line: 963
	Function: invokeArgs

	File: /usr/share/php/PHPUnit/Framework/TestCase.php
	Line: 835
	Function: runTest

	File: /usr/share/php/PHPUnit/Framework/TestResult.php
	Line: 643
	Function: runBare

	File: /usr/share/php/PHPUnit/Framework/TestCase.php
	Line: 771
	Function: run

	File: /usr/share/php/PHPUnit/Framework/TestSuite.php
	Line: 703
	Function: run

	File: /usr/share/php/PHPUnit/Framework/TestSuite.php
	Line: 703
	Function: run

	File: /usr/share/php/PHPUnit/TextUI/TestRunner.php
	Line: 423
	Function: run

	File: /usr/share/php/PHPUnit/TextUI/Command.php
	Line: 186
	Function: doRun

	File: /usr/share/php/PHPUnit/TextUI/Command.php
	Line: 138
	Function: run

	File: /usr/bin/phpunit
	Line: 42
	Function: main



A PHP Error was encountered

Severity:    Notice
Message:     Constant APP_URL already defined
Filename:    /home/chrigarc/Documentos/imss/SIPIMSS/git/sipimss_13/application/config/config.php
Line Number: 11

Backtrace:
	File: /home/chrigarc/Documentos/imss/SIPIMSS/git/sipimss_13/application/config/config.php
	Line: 11
	Function: define

	File: /home/chrigarc/Documentos/imss/SIPIMSS/git/sipimss_13/application/tests/_ci_phpunit_test/replacing/core/Common.php
	Line: 323
	Function: require

	File: /home/chrigarc/Documentos/imss/SIPIMSS/git/sipimss_13/application/tests/_ci_phpunit_test/replacing/core/Common.php
	Line: 111
	Function: __construct

	File: /home/chrigarc/Documentos/imss/SIPIMSS/git/sipimss_13/application/tests/_ci_phpunit_test/replacing/core/Common.php
	Line: 111
	Function: __construct

	File: /home/chrigarc/Documentos/imss/SIPIMSS/git/sipimss_13/application/tests/_ci_phpunit_test/functions.php
	Line: 57
	Function: load_class

	File: /home/chrigarc/Documentos/imss/SIPIMSS/git/sipimss_13/application/tests/_ci_phpunit_test/CIPHPUnitTestRequest.php
	Line: 262
	Function: reset_instance

	File: /home/chrigarc/Documentos/imss/SIPIMSS/git/sipimss_13/application/tests/_ci_phpunit_test/CIPHPUnitTestRequest.php
	Line: 151
	Function: requestUri

	File: /home/chrigarc/Documentos/imss/SIPIMSS/git/sipimss_13/application/tests/_ci_phpunit_test/CIPHPUnitTestCase.php
	Line: 183
	Function: request

	File: /home/chrigarc/Documentos/imss/SIPIMSS/git/sipimss_13/application/tests/controllers/Welcome_test.php
	Line: 15
	Function: request

	File: /usr/share/php/PHPUnit/Framework/TestCase.php
	Line: 963
	Function: invokeArgs

	File: /usr/share/php/PHPUnit/Framework/TestCase.php
	Line: 835
	Function: runTest

	File: /usr/share/php/PHPUnit/Framework/TestResult.php
	Line: 643
	Function: runBare

	File: /usr/share/php/PHPUnit/Framework/TestCase.php
	Line: 771
	Function: run

	File: /usr/share/php/PHPUnit/Framework/TestSuite.php
	Line: 703
	Function: run

	File: /usr/share/php/PHPUnit/Framework/TestSuite.php
	Line: 703
	Function: run

	File: /usr/share/php/PHPUnit/TextUI/TestRunner.php
	Line: 423
	Function: run

	File: /usr/share/php/PHPUnit/TextUI/Command.php
	Line: 186
	Function: doRun

	File: /usr/share/php/PHPUnit/TextUI/Command.php
	Line: 138
	Function: run

	File: /usr/bin/phpunit
	Line: 42
	Function: main


</system-out>
      </testcase>
      <testcase name="test_method_404" class="Welcome_test" file="/home/chrigarc/Documentos/imss/SIPIMSS/git/sipimss_13/application/tests/controllers/Welcome_test.php" line="19" assertions="1" time="0.027066">
        <system-out>
A PHP Error was encountered

Severity:    Notice
Message:     Undefined index: SERVER_PORT
Filename:    /home/chrigarc/Documentos/imss/SIPIMSS/git/sipimss_13/application/config/config.php
Line Number: 11

Backtrace:
	File: /home/chrigarc/Documentos/imss/SIPIMSS/git/sipimss_13/application/config/config.php
	Line: 11
	Function: _error_handler

	File: /home/chrigarc/Documentos/imss/SIPIMSS/git/sipimss_13/application/tests/_ci_phpunit_test/replacing/core/Common.php
	Line: 323
	Function: require

	File: /home/chrigarc/Documentos/imss/SIPIMSS/git/sipimss_13/application/tests/_ci_phpunit_test/replacing/core/Common.php
	Line: 111
	Function: __construct

	File: /home/chrigarc/Documentos/imss/SIPIMSS/git/sipimss_13/application/tests/_ci_phpunit_test/replacing/core/Common.php
	Line: 111
	Function: __construct

	File: /home/chrigarc/Documentos/imss/SIPIMSS/git/sipimss_13/application/tests/_ci_phpunit_test/functions.php
	Line: 57
	Function: load_class

	File: /home/chrigarc/Documentos/imss/SIPIMSS/git/sipimss_13/application/tests/_ci_phpunit_test/CIPHPUnitTestRequest.php
	Line: 262
	Function: reset_instance

	File: /home/chrigarc/Documentos/imss/SIPIMSS/git/sipimss_13/application/tests/_ci_phpunit_test/CIPHPUnitTestRequest.php
	Line: 151
	Function: requestUri

	File: /home/chrigarc/Documentos/imss/SIPIMSS/git/sipimss_13/application/tests/_ci_phpunit_test/CIPHPUnitTestCase.php
	Line: 183
	Function: request

	File: /home/chrigarc/Documentos/imss/SIPIMSS/git/sipimss_13/application/tests/controllers/Welcome_test.php
	Line: 21
	Function: request

	File: /usr/share/php/PHPUnit/Framework/TestCase.php
	Line: 963
	Function: invokeArgs

	File: /usr/share/php/PHPUnit/Framework/TestCase.php
	Line: 835
	Function: runTest

	File: /usr/share/php/PHPUnit/Framework/TestResult.php
	Line: 643
	Function: runBare

	File: /usr/share/php/PHPUnit/Framework/TestCase.php
	Line: 771
	Function: run

	File: /usr/share/php/PHPUnit/Framework/TestSuite.php
	Line: 703
	Function: run

	File: /usr/share/php/PHPUnit/Framework/TestSuite.php
	Line: 703
	Function: run

	File: /usr/share/php/PHPUnit/TextUI/TestRunner.php
	Line: 423
	Function: run

	File: /usr/share/php/PHPUnit/TextUI/Command.php
	Line: 186
	Function: doRun

	File: /usr/share/php/PHPUnit/TextUI/Command.php
	Line: 138
	Function: run

	File: /usr/bin/phpunit
	Line: 42
	Function: main



A PHP Error was encountered

Severity:    Notice
Message:     Undefined index: SERVER_NAME
Filename:    /home/chrigarc/Documentos/imss/SIPIMSS/git/sipimss_13/application/config/config.php
Line Number: 11

Backtrace:
	File: /home/chrigarc/Documentos/imss/SIPIMSS/git/sipimss_13/application/config/config.php
	Line: 11
	Function: _error_handler

	File: /home/chrigarc/Documentos/imss/SIPIMSS/git/sipimss_13/application/tests/_ci_phpunit_test/replacing/core/Common.php
	Line: 323
	Function: require

	File: /home/chrigarc/Documentos/imss/SIPIMSS/git/sipimss_13/application/tests/_ci_phpunit_test/replacing/core/Common.php
	Line: 111
	Function: __construct

	File: /home/chrigarc/Documentos/imss/SIPIMSS/git/sipimss_13/application/tests/_ci_phpunit_test/replacing/core/Common.php
	Line: 111
	Function: __construct

	File: /home/chrigarc/Documentos/imss/SIPIMSS/git/sipimss_13/application/tests/_ci_phpunit_test/functions.php
	Line: 57
	Function: load_class

	File: /home/chrigarc/Documentos/imss/SIPIMSS/git/sipimss_13/application/tests/_ci_phpunit_test/CIPHPUnitTestRequest.php
	Line: 262
	Function: reset_instance

	File: /home/chrigarc/Documentos/imss/SIPIMSS/git/sipimss_13/application/tests/_ci_phpunit_test/CIPHPUnitTestRequest.php
	Line: 151
	Function: requestUri

	File: /home/chrigarc/Documentos/imss/SIPIMSS/git/sipimss_13/application/tests/_ci_phpunit_test/CIPHPUnitTestCase.php
	Line: 183
	Function: request

	File: /home/chrigarc/Documentos/imss/SIPIMSS/git/sipimss_13/application/tests/controllers/Welcome_test.php
	Line: 21
	Function: request

	File: /usr/share/php/PHPUnit/Framework/TestCase.php
	Line: 963
	Function: invokeArgs

	File: /usr/share/php/PHPUnit/Framework/TestCase.php
	Line: 835
	Function: runTest

	File: /usr/share/php/PHPUnit/Framework/TestResult.php
	Line: 643
	Function: runBare

	File: /usr/share/php/PHPUnit/Framework/TestCase.php
	Line: 771
	Function: run

	File: /usr/share/php/PHPUnit/Framework/TestSuite.php
	Line: 703
	Function: run

	File: /usr/share/php/PHPUnit/Framework/TestSuite.php
	Line: 703
	Function: run

	File: /usr/share/php/PHPUnit/TextUI/TestRunner.php
	Line: 423
	Function: run

	File: /usr/share/php/PHPUnit/TextUI/Command.php
	Line: 186
	Function: doRun

	File: /usr/share/php/PHPUnit/TextUI/Command.php
	Line: 138
	Function: run

	File: /usr/bin/phpunit
	Line: 42
	Function: main



A PHP Error was encountered

Severity:    Notice
Message:     Constant APP_URL already defined
Filename:    /home/chrigarc/Documentos/imss/SIPIMSS/git/sipimss_13/application/config/config.php
Line Number: 11

Backtrace:
	File: /home/chrigarc/Documentos/imss/SIPIMSS/git/sipimss_13/application/config/config.php
	Line: 11
	Function: define

	File: /home/chrigarc/Documentos/imss/SIPIMSS/git/sipimss_13/application/tests/_ci_phpunit_test/replacing/core/Common.php
	Line: 323
	Function: require

	File: /home/chrigarc/Documentos/imss/SIPIMSS/git/sipimss_13/application/tests/_ci_phpunit_test/replacing/core/Common.php
	Line: 111
	Function: __construct

	File: /home/chrigarc/Documentos/imss/SIPIMSS/git/sipimss_13/application/tests/_ci_phpunit_test/replacing/core/Common.php
	Line: 111
	Function: __construct

	File: /home/chrigarc/Documentos/imss/SIPIMSS/git/sipimss_13/application/tests/_ci_phpunit_test/functions.php
	Line: 57
	Function: load_class

	File: /home/chrigarc/Documentos/imss/SIPIMSS/git/sipimss_13/application/tests/_ci_phpunit_test/CIPHPUnitTestRequest.php
	Line: 262
	Function: reset_instance

	File: /home/chrigarc/Documentos/imss/SIPIMSS/git/sipimss_13/application/tests/_ci_phpunit_test/CIPHPUnitTestRequest.php
	Line: 151
	Function: requestUri

	File: /home/chrigarc/Documentos/imss/SIPIMSS/git/sipimss_13/application/tests/_ci_phpunit_test/CIPHPUnitTestCase.php
	Line: 183
	Function: request

	File: /home/chrigarc/Documentos/imss/SIPIMSS/git/sipimss_13/application/tests/controllers/Welcome_test.php
	Line: 21
	Function: request

	File: /usr/share/php/PHPUnit/Framework/TestCase.php
	Line: 963
	Function: invokeArgs

	File: /usr/share/php/PHPUnit/Framework/TestCase.php
	Line: 835
	Function: runTest

	File: /usr/share/php/PHPUnit/Framework/TestResult.php
	Line: 643
	Function: runBare

	File: /usr/share/php/PHPUnit/Framework/TestCase.php
	Line: 771
	Function: run

	File: /usr/share/php/PHPUnit/Framework/TestSuite.php
	Line: 703
	Function: run

	File: /usr/share/php/PHPUnit/Framework/TestSuite.php
	Line: 703
	Function: run

	File: /usr/share/php/PHPUnit/TextUI/TestRunner.php
	Line: 423
	Function: run

	File: /usr/share/php/PHPUnit/TextUI/Command.php
	Line: 186
	Function: doRun

	File: /usr/share/php/PHPUnit/TextUI/Command.php
	Line: 138
	Function: run

	File: /usr/bin/phpunit
	Line: 42
	Function: main


</system-out>
      </testcase>
      <testcase name="test_APPPATH" class="Welcome_test" file="/home/chrigarc/Documentos/imss/SIPIMSS/git/sipimss_13/application/tests/controllers/Welcome_test.php" line="25" assertions="1" time="0.061768"/>
    </testsuite>
  </testsuite>
</testsuites>
